2026-05-29 14:49:45,238 | INFO     | company-ai.ai | pid=30992 | FlashRank loaded | model='ms-marco-MiniLM-L-12-v2'
2026-05-29 14:49:45,915 | INFO     | company-ai.ai | pid=30992 | KB retrieve | depts='security,legal,operations' results=8 latency_ms=1335 search_type='SEMANTIC' store='s3' rerank='flashrank'
2026-05-29 14:50:22,969 | INFO     | company-ai.ai | pid=30992 | KB retrieve | depts='security,legal,operations' results=8 latency_ms=283 search_type='SEMANTIC' store='s3' rerank='flashrank'
2026-06-08 06:52:11,202 | INFO     | company-ai.ai | pid=66720 | FlashRank loaded | model='ms-marco-MiniLM-L-12-v2'
2026-06-08 06:52:35,643 | INFO     | company-ai.ai | pid=66720 | KB retrieve | depts='finance,hr,it,legal,operations,procurement,security' meta_filters='(none)' results=10 latency_ms=891 search_type='SEMANTIC' store='s3' rerank='flashrank'
2026-06-08 11:47:15,993 | INFO     | company-ai.ai | pid=66720 | KB retrieve | depts='it' meta_filters='(none)' results=0 latency_ms=476 search_type='SEMANTIC' store='s3' rerank='passthrough'
2026-06-08 12:04:57,604 | INFO     | company-ai.ai | pid=66720 | KB retrieve | depts='it' meta_filters='(none)' results=0 latency_ms=422 search_type='SEMANTIC' store='s3' rerank='passthrough'
2026-06-08 12:07:38,343 | INFO     | company-ai.ai | pid=66720 | KB retrieve | depts='it' meta_filters='(none)' results=0 latency_ms=373 search_type='SEMANTIC' store='s3' rerank='passthrough'
2026-06-08 12:08:27,610 | INFO     | company-ai.ai | pid=66720 | KB retrieve | depts='legal' meta_filters='(none)' results=6 latency_ms=559 search_type='SEMANTIC' store='s3' rerank='flashrank'
2026-06-09 05:13:50,318 | INFO     | company-ai.ai | pid=69411 | FlashRank loaded | model='ms-marco-MiniLM-L-12-v2'
2026-06-09 05:14:31,169 | INFO     | company-ai.ai | pid=69411 | KB retrieve | depts='finance,hr,it,legal,operations,procurement,security' meta_filters='(none)' results=10 latency_ms=641 search_type='SEMANTIC' store='s3' rerank='flashrank'
2026-06-09 05:14:54,012 | INFO     | company-ai.ai | pid=69411 | KB retrieve | depts='finance,hr,it' meta_filters='(none)' results=10 latency_ms=511 search_type='SEMANTIC' store='s3' rerank='flashrank'
2026-06-09 05:16:12,659 | INFO     | company-ai.ai | pid=69411 | KB retrieve | depts='finance,hr,it,legal,operations,procurement,security' meta_filters='(none)' results=10 latency_ms=394 search_type='SEMANTIC' store='s3' rerank='flashrank'
2026-06-09 05:17:05,828 | INFO     | company-ai.ai | pid=69411 | KB retrieve | depts='finance,hr,it,legal,operations,procurement,security' meta_filters='(none)' results=10 latency_ms=548 search_type='SEMANTIC' store='s3' rerank='flashrank'
2026-06-09 05:18:19,078 | INFO     | company-ai.ai | pid=69411 | KB retrieve | depts='finance,hr,it,legal,operations,procurement,security' meta_filters='(none)' results=10 latency_ms=274 search_type='SEMANTIC' store='s3' rerank='flashrank'
2026-06-09 05:19:26,237 | INFO     | company-ai.ai | pid=69721 | FlashRank loaded | model='ms-marco-MiniLM-L-12-v2'
2026-06-09 05:19:56,828 | INFO     | company-ai.ai | pid=69721 | KB retrieve | depts='finance,hr,it,legal,operations,procurement,security' meta_filters='(none)' results=10 latency_ms=914 search_type='SEMANTIC' store='s3' rerank='flashrank'
2026-06-09 08:31:16,628 | INFO     | company-ai.ai | pid=77041 | FlashRank loaded | model='ms-marco-MiniLM-L-12-v2'
2026-06-09 08:31:56,849 | INFO     | company-ai.ai | pid=77041 | KB retrieve | depts='finance,hr,it,legal,operations,procurement,security' meta_filters='(none)' results=10 latency_ms=538 search_type='SEMANTIC' store='s3' rerank='flashrank'
2026-06-09 08:33:15,875 | INFO     | company-ai.ai | pid=77041 | KB retrieve | depts='finance,hr,it,legal,operations,procurement,security' meta_filters='(none)' results=10 latency_ms=322 search_type='SEMANTIC' store='s3' rerank='flashrank'
2026-06-09 08:38:30,768 | INFO     | company-ai.ai | pid=77041 | KB retrieve | depts='finance,hr,it,legal,operations,procurement,security' meta_filters='(none)' results=10 latency_ms=296 search_type='SEMANTIC' store='s3' rerank='flashrank'
2026-06-09 10:18:24,776 | INFO     | company-ai.ai | pid=78202 | FlashRank loaded | model='ms-marco-MiniLM-L-12-v2'
2026-06-09 10:18:58,645 | INFO     | company-ai.ai | pid=78202 | KB retrieve | depts='finance,hr,it,legal,operations,procurement,security' meta_filters='(none)' results=10 latency_ms=374 search_type='SEMANTIC' store='s3' rerank='flashrank'
2026-06-09 10:25:06,947 | INFO     | company-ai.ai | pid=78202 | KB retrieve | depts='finance,hr,it,legal,operations,procurement,security' meta_filters='(none)' results=10 latency_ms=287 search_type='SEMANTIC' store='s3' rerank='flashrank'
2026-06-09 10:55:28,611 | INFO     | company-ai.ai | pid=397 | FlashRank loaded | model='ms-marco-MiniLM-L-12-v2'
2026-06-09 10:55:59,791 | INFO     | company-ai.ai | pid=397 | KB retrieve | depts='finance,hr,it,legal,operations,procurement,security' meta_filters='country' results=10 latency_ms=1212 search_type='SEMANTIC' store='s3' rerank='flashrank'
2026-06-09 11:03:18,293 | INFO     | company-ai.ai | pid=397 | KB retrieve | depts='finance,hr,it,legal,operations,procurement,security' meta_filters='continent,country' results=10 latency_ms=351 search_type='SEMANTIC' store='s3' rerank='flashrank'
2026-06-09 12:52:26,908 | INFO     | company-ai.ai | pid=905 | FlashRank loaded | model='ms-marco-MiniLM-L-12-v2'
2026-06-09 12:53:02,435 | INFO     | company-ai.ai | pid=905 | KB retrieve | depts='finance,hr,it,legal,operations,procurement,security' meta_filters='country' results=10 latency_ms=375 search_type='SEMANTIC' store='s3' rerank='flashrank'
2026-06-09 12:53:49,493 | INFO     | company-ai.ai | pid=905 | KB retrieve | depts='finance,hr,it,legal,operations,procurement,security' meta_filters='(none)' results=10 latency_ms=330 search_type='SEMANTIC' store='s3' rerank='flashrank'
2026-06-10 05:46:56,192 | INFO     | company-ai.ai | pid=3015 | FlashRank loaded | model='ms-marco-MiniLM-L-12-v2'
2026-06-10 05:47:37,401 | INFO     | company-ai.ai | pid=3075 | FlashRank loaded | model='ms-marco-MiniLM-L-12-v2'
2026-06-10 05:48:38,710 | INFO     | company-ai.ai | pid=3075 | KB retrieve | depts='finance,hr,it,legal,operations,procurement,security' meta_filters='(none)' results=10 latency_ms=1185 search_type='SEMANTIC' store='s3' rerank='flashrank'
2026-06-10 05:48:41,646 | INFO     | company-ai.ai | pid=3075 | KB retrieve | depts='finance,hr,it,legal,operations,procurement,security' meta_filters='(none)' results=10 latency_ms=302 search_type='SEMANTIC' store='s3' rerank='flashrank'
2026-06-11 06:07:07,409 | INFO     | company-ai.ai | pid=9576 | FlashRank loaded | model='ms-marco-MiniLM-L-12-v2'
2026-06-11 07:10:46,573 | INFO     | company-ai.ai | pid=10620 | FlashRank loaded | model='ms-marco-MiniLM-L-12-v2'
2026-06-11 07:23:35,395 | INFO     | company-ai.ai | pid=11953 | FlashRank loaded | model='ms-marco-MiniLM-L-12-v2'
2026-06-11 08:06:34,094 | INFO     | company-ai.ai | pid=12889 | FlashRank loaded | model='ms-marco-MiniLM-L-12-v2'
2026-06-11 08:43:27,811 | INFO     | company-ai.ai | pid=16795 | FlashRank loaded | model='ms-marco-MiniLM-L-12-v2'
2026-06-11 09:03:56,600 | INFO     | company-ai.ai | pid=19737 | FlashRank loaded | model='ms-marco-MiniLM-L-12-v2'
2026-06-11 09:11:54,193 | INFO     | company-ai.ai | pid=20329 | KB retrieve | depts='finance,hr,it,legal,operations,procurement,security' meta_filters='(none)' results=10 latency_ms=1500 search_type='SEMANTIC' store='s3' rerank='passthrough'
2026-06-11 09:12:28,222 | INFO     | company-ai.ai | pid=20329 | KB retrieve | depts='finance,hr,it,legal,operations,procurement,security' meta_filters='(none)' results=10 latency_ms=298 search_type='SEMANTIC' store='s3' rerank='passthrough'
2026-06-11 09:13:20,015 | INFO     | company-ai.ai | pid=20329 | KB retrieve | depts='finance,hr,it,legal,operations,procurement,security' meta_filters='(none)' results=10 latency_ms=312 search_type='SEMANTIC' store='s3' rerank='passthrough'
2026-06-11 12:49:47,506 | INFO     | company-ai.ai | pid=20329 | KB retrieve | depts='finance,hr,it,legal,operations,procurement,security' meta_filters='(none)' results=10 latency_ms=408 search_type='SEMANTIC' store='s3' rerank='passthrough'
2026-06-12 09:04:48,460 | INFO     | company-ai.ai | pid=24270 | KB retrieve | depts='security' meta_filters='(none)' results=9 latency_ms=903 search_type='SEMANTIC' store='s3' rerank='passthrough'
2026-06-12 13:10:09,288 | INFO     | company-ai.ai | pid=24270 | KB retrieve | depts='finance,hr,it,legal,operations,procurement,security' meta_filters='(none)' results=10 latency_ms=407 search_type='SEMANTIC' store='s3' rerank='passthrough'
2026-06-12 13:19:37,028 | INFO     | company-ai.ai | pid=24270 | KB retrieve | depts='security' meta_filters='(none)' results=7 latency_ms=371 search_type='SEMANTIC' store='s3' rerank='passthrough'
2026-06-12 13:21:17,888 | INFO     | company-ai.ai | pid=24270 | KB retrieve | depts='security' meta_filters='(none)' results=9 latency_ms=271 search_type='SEMANTIC' store='s3' rerank='passthrough'
2026-06-14 02:49:15,216 | INFO     | company-ai.ai | pid=25970 | KB retrieve | depts='finance,hr,it,legal,operations,procurement,security' meta_filters='(none)' results=10 latency_ms=575 search_type='SEMANTIC' store='s3' rerank='passthrough'
2026-06-15 05:06:13,689 | INFO     | company-ai.ai | pid=27884 | KB retrieve | depts='security' meta_filters='(none)' results=9 latency_ms=907 search_type='SEMANTIC' store='s3' rerank='passthrough'
2026-06-15 05:06:59,478 | INFO     | company-ai.ai | pid=27884 | KB retrieve | depts='security' meta_filters='(none)' results=7 latency_ms=332 search_type='SEMANTIC' store='s3' rerank='passthrough'
2026-06-15 05:08:08,108 | INFO     | company-ai.ai | pid=27884 | KB retrieve | depts='security' meta_filters='(none)' results=7 latency_ms=364 search_type='SEMANTIC' store='s3' rerank='passthrough'
2026-06-15 05:34:05,527 | INFO     | company-ai.ai | pid=27884 | KB retrieve | depts='finance,hr,it,legal,operations,procurement,security' meta_filters='(none)' results=10 latency_ms=351 search_type='SEMANTIC' store='s3' rerank='passthrough'
2026-06-15 05:34:15,510 | INFO     | company-ai.ai | pid=27884 | KB retrieve | depts='finance,hr,it,legal,operations,procurement,security' meta_filters='(none)' results=10 latency_ms=317 search_type='SEMANTIC' store='s3' rerank='passthrough'
2026-06-15 05:34:33,448 | INFO     | company-ai.ai | pid=27884 | KB retrieve | depts='finance,hr,it,legal,operations,procurement,security' meta_filters='(none)' results=10 latency_ms=402 search_type='SEMANTIC' store='s3' rerank='passthrough'
2026-06-15 05:34:53,695 | INFO     | company-ai.ai | pid=27884 | KB retrieve | depts='security' meta_filters='(none)' results=9 latency_ms=255 search_type='SEMANTIC' store='s3' rerank='passthrough'
2026-06-15 05:34:58,142 | INFO     | company-ai.ai | pid=27884 | KB retrieve | depts='finance,hr,it,legal,operations,procurement,security' meta_filters='(none)' results=10 latency_ms=344 search_type='SEMANTIC' store='s3' rerank='passthrough'
2026-06-15 05:35:11,787 | INFO     | company-ai.ai | pid=27884 | KB retrieve | depts='finance,hr,it,legal,operations,procurement,security' meta_filters='(none)' results=10 latency_ms=314 search_type='SEMANTIC' store='s3' rerank='passthrough'
2026-06-15 05:35:41,245 | INFO     | company-ai.ai | pid=27884 | KB retrieve | depts='finance,hr,it,legal,operations,procurement,security' meta_filters='(none)' results=10 latency_ms=298 search_type='SEMANTIC' store='s3' rerank='passthrough'
2026-06-15 05:35:56,263 | INFO     | company-ai.ai | pid=27884 | KB retrieve | depts='finance,hr,it,legal,operations,procurement,security' meta_filters='(none)' results=10 latency_ms=298 search_type='SEMANTIC' store='s3' rerank='passthrough'
2026-06-15 05:36:17,315 | INFO     | company-ai.ai | pid=27884 | KB retrieve | depts='finance,hr,it,legal,operations,procurement,security' meta_filters='(none)' results=10 latency_ms=227 search_type='SEMANTIC' store='s3' rerank='passthrough'
2026-06-15 05:36:23,270 | INFO     | company-ai.ai | pid=27884 | KB retrieve | depts='finance,hr,it,legal,operations,procurement,security' meta_filters='(none)' results=10 latency_ms=284 search_type='SEMANTIC' store='s3' rerank='passthrough'
2026-06-15 05:36:30,151 | INFO     | company-ai.ai | pid=27884 | KB retrieve | depts='finance,hr,it,legal,operations,procurement,security' meta_filters='(none)' results=10 latency_ms=322 search_type='SEMANTIC' store='s3' rerank='passthrough'
2026-06-15 05:36:39,711 | INFO     | company-ai.ai | pid=27884 | KB retrieve | depts='finance,hr,it,legal,operations,procurement,security' meta_filters='(none)' results=10 latency_ms=299 search_type='SEMANTIC' store='s3' rerank='passthrough'
2026-06-15 05:36:54,184 | INFO     | company-ai.ai | pid=27884 | KB retrieve | depts='finance,hr,it,legal,operations,procurement,security' meta_filters='(none)' results=10 latency_ms=309 search_type='SEMANTIC' store='s3' rerank='passthrough'
2026-06-15 05:55:45,911 | INFO     | company-ai.ai | pid=27884 | KB retrieve | depts='finance,hr,it,legal,operations,procurement,security' meta_filters='(none)' results=10 latency_ms=280 search_type='SEMANTIC' store='s3' rerank='passthrough'
2026-06-15 06:39:50,151 | INFO     | company-ai.ai | pid=27884 | KB retrieve | depts='finance,hr,it,legal,operations,procurement,security' meta_filters='(none)' results=10 latency_ms=292 search_type='SEMANTIC' store='s3' rerank='passthrough'
2026-06-15 06:41:40,153 | INFO     | company-ai.ai | pid=27884 | KB retrieve | depts='finance,hr,it,legal,operations,procurement,security' meta_filters='(none)' results=10 latency_ms=422 search_type='SEMANTIC' store='s3' rerank='passthrough'
2026-06-15 07:20:23,936 | INFO     | company-ai.ai | pid=30336 | KB retrieve | depts='finance,hr,it,legal,operations,procurement,security' meta_filters='(none)' results=10 latency_ms=1051 search_type='SEMANTIC' store='s3' rerank='passthrough'
2026-06-15 11:34:11,943 | INFO     | company-ai.ai | pid=30336 | KB retrieve | depts='finance,hr,it,legal,operations,procurement,security' meta_filters='(none)' results=10 latency_ms=468 search_type='SEMANTIC' store='s3' rerank='passthrough'
2026-06-16 05:56:11,087 | INFO     | company-ai.ai | pid=32095 | KB retrieve | depts='finance,hr,it,legal,operations,procurement,security' meta_filters='(none)' results=10 latency_ms=962 search_type='SEMANTIC' store='s3' rerank='passthrough'
2026-06-16 08:07:13,448 | INFO     | company-ai.ai | pid=32095 | KB retrieve | depts='finance,hr,it,legal,operations,procurement,security' meta_filters='(none)' results=10 latency_ms=398 search_type='SEMANTIC' store='s3' rerank='passthrough'
2026-06-16 08:20:02,940 | INFO     | company-ai.ai | pid=32095 | KB retrieve | depts='finance,hr,it,legal,operations,procurement,security' meta_filters='(none)' results=10 latency_ms=354 search_type='SEMANTIC' store='s3' rerank='passthrough'
2026-06-16 08:21:17,863 | INFO     | company-ai.ai | pid=32095 | KB retrieve | depts='finance,hr,it,legal,operations,procurement,security' meta_filters='(none)' results=10 latency_ms=343 search_type='SEMANTIC' store='s3' rerank='passthrough'
2026-06-16 08:30:56,547 | INFO     | company-ai.ai | pid=32095 | KB retrieve | depts='finance,hr,it,legal,operations,procurement,security' meta_filters='(none)' results=10 latency_ms=326 search_type='SEMANTIC' store='s3' rerank='passthrough'
2026-06-16 08:33:07,813 | INFO     | company-ai.ai | pid=33055 | KB retrieve | depts='finance,hr,it,legal,operations,procurement,security' meta_filters='(none)' results=10 latency_ms=1126 search_type='SEMANTIC' store='s3' rerank='passthrough'
2026-06-16 08:36:56,138 | INFO     | company-ai.ai | pid=33216 | KB retrieve | depts='finance,hr,it,legal,operations,procurement,security' meta_filters='(none)' results=10 latency_ms=1113 search_type='SEMANTIC' store='s3' rerank='passthrough'
2026-06-16 08:37:52,542 | INFO     | company-ai.ai | pid=33216 | KB retrieve | depts='finance,hr,it,legal,operations,procurement,security' meta_filters='(none)' results=10 latency_ms=462 search_type='SEMANTIC' store='s3' rerank='passthrough'
2026-06-16 08:38:24,015 | INFO     | company-ai.ai | pid=33216 | KB retrieve | depts='finance,hr,it,legal,operations,procurement,security' meta_filters='(none)' results=10 latency_ms=280 search_type='SEMANTIC' store='s3' rerank='passthrough'
2026-06-16 08:40:34,303 | INFO     | company-ai.ai | pid=33216 | KB retrieve | depts='finance' meta_filters='(none)' results=8 latency_ms=441 search_type='SEMANTIC' store='s3' rerank='passthrough'
2026-06-16 08:40:52,745 | INFO     | company-ai.ai | pid=33216 | KB retrieve | depts='finance,it,legal,operations' meta_filters='(none)' results=10 latency_ms=312 search_type='SEMANTIC' store='s3' rerank='passthrough'
2026-06-16 08:42:16,160 | INFO     | company-ai.ai | pid=33216 | KB retrieve | depts='finance,it,legal,operations' meta_filters='(none)' results=10 latency_ms=286 search_type='SEMANTIC' store='s3' rerank='passthrough'
2026-06-16 08:44:08,654 | INFO     | company-ai.ai | pid=33348 | KB retrieve | depts='finance,it,legal,operations' meta_filters='(none)' results=10 latency_ms=825 search_type='SEMANTIC' store='s3' rerank='passthrough'
2026-06-16 08:44:31,910 | INFO     | company-ai.ai | pid=33348 | KB retrieve | depts='finance,it,legal,operations' meta_filters='(none)' results=10 latency_ms=434 search_type='SEMANTIC' store='s3' rerank='passthrough'
2026-06-16 08:44:42,904 | INFO     | company-ai.ai | pid=33348 | KB retrieve | depts='finance,it,legal,operations' meta_filters='(none)' results=10 latency_ms=297 search_type='SEMANTIC' store='s3' rerank='passthrough'
2026-06-16 08:45:30,841 | INFO     | company-ai.ai | pid=33348 | KB retrieve | depts='finance,it,legal,operations,procurement,security' meta_filters='(none)' results=10 latency_ms=279 search_type='SEMANTIC' store='s3' rerank='passthrough'
2026-06-16 08:45:52,995 | INFO     | company-ai.ai | pid=33348 | KB retrieve | depts='finance,it,legal,operations,procurement,security' meta_filters='(none)' results=10 latency_ms=277 search_type='SEMANTIC' store='s3' rerank='passthrough'
2026-06-17 11:42:15,095 | INFO     | company-ai.ai | pid=26632 | KB retrieve | depts='it' meta_filters='(none)' results=0 latency_ms=1370 search_type='SEMANTIC' store='s3' rerank='passthrough'
2026-06-17 11:42:40,765 | INFO     | company-ai.ai | pid=26632 | KB retrieve | depts='it' meta_filters='(none)' results=0 latency_ms=414 search_type='SEMANTIC' store='s3' rerank='passthrough'
2026-06-17 11:43:14,306 | INFO     | company-ai.ai | pid=26632 | KB retrieve | depts='it' meta_filters='(none)' results=0 latency_ms=392 search_type='SEMANTIC' store='s3' rerank='passthrough'
2026-06-17 11:43:24,568 | INFO     | company-ai.ai | pid=26632 | KB retrieve | depts='it' meta_filters='(none)' results=0 latency_ms=408 search_type='SEMANTIC' store='s3' rerank='passthrough'
2026-06-17 11:43:32,576 | INFO     | company-ai.ai | pid=26632 | KB retrieve | depts='it' meta_filters='(none)' results=0 latency_ms=376 search_type='SEMANTIC' store='s3' rerank='passthrough'
2026-06-17 11:43:53,906 | INFO     | company-ai.ai | pid=26632 | KB retrieve | depts='it' meta_filters='(none)' results=0 latency_ms=477 search_type='SEMANTIC' store='s3' rerank='passthrough'
2026-06-17 11:46:50,319 | INFO     | company-ai.ai | pid=13688 | KB retrieve | depts='it' meta_filters='(none)' results=0 latency_ms=1502 search_type='SEMANTIC' store='s3' rerank='passthrough'
2026-06-17 11:47:07,358 | INFO     | company-ai.ai | pid=20556 | KB retrieve | depts='it' meta_filters='(none)' results=0 latency_ms=1664 search_type='SEMANTIC' store='s3' rerank='passthrough'
2026-06-17 11:47:12,627 | INFO     | company-ai.ai | pid=20556 | KB retrieve | depts='it' meta_filters='(none)' results=0 latency_ms=371 search_type='SEMANTIC' store='s3' rerank='passthrough'
2026-06-17 11:47:30,273 | INFO     | company-ai.ai | pid=20556 | KB retrieve | depts='it' meta_filters='(none)' results=0 latency_ms=345 search_type='SEMANTIC' store='s3' rerank='passthrough'
2026-06-17 11:49:56,340 | INFO     | company-ai.ai | pid=3088 | KB retrieve | depts='it' meta_filters='(none)' results=0 latency_ms=1696 search_type='SEMANTIC' store='s3' rerank='passthrough'
2026-06-17 11:50:12,729 | INFO     | company-ai.ai | pid=3088 | KB retrieve | depts='it' meta_filters='(none)' results=0 latency_ms=480 search_type='SEMANTIC' store='s3' rerank='passthrough'
2026-06-17 11:50:21,061 | INFO     | company-ai.ai | pid=3088 | KB retrieve | depts='it' meta_filters='(none)' results=0 latency_ms=336 search_type='SEMANTIC' store='s3' rerank='passthrough'
2026-06-17 11:50:33,156 | INFO     | company-ai.ai | pid=3088 | KB retrieve | depts='it' meta_filters='(none)' results=0 latency_ms=423 search_type='SEMANTIC' store='s3' rerank='passthrough'
2026-06-17 11:50:39,752 | INFO     | company-ai.ai | pid=3088 | KB retrieve | depts='it' meta_filters='(none)' results=0 latency_ms=359 search_type='SEMANTIC' store='s3' rerank='passthrough'
2026-06-17 11:51:01,285 | INFO     | company-ai.ai | pid=3088 | KB retrieve | depts='finance,hr,it,legal,operations,procurement,security' meta_filters='(none)' results=10 latency_ms=785 search_type='SEMANTIC' store='s3' rerank='passthrough'
2026-06-17 11:51:08,343 | INFO     | company-ai.ai | pid=3088 | KB retrieve | depts='finance,hr,it,legal,operations,procurement,security' meta_filters='(none)' results=10 latency_ms=770 search_type='SEMANTIC' store='s3' rerank='passthrough'
2026-06-17 11:53:14,245 | INFO     | company-ai.ai | pid=3088 | KB retrieve | depts='finance,hr,it,legal,operations,procurement,security' meta_filters='(none)' results=10 latency_ms=647 search_type='SEMANTIC' store='s3' rerank='passthrough'
2026-06-17 13:04:09,879 | INFO     | company-ai.ai | pid=51364 | KB retrieve | depts='finance,hr,it,legal,operations,procurement,security' meta_filters='region,writters' meta_op='AND' results=10 latency_ms=469 search_type='SEMANTIC' store='s3' rerank='passthrough'
2026-06-17 13:04:36,847 | INFO     | company-ai.ai | pid=51364 | KB retrieve | depts='finance,hr,it,legal,operations,procurement,security' meta_filters='region,writters' meta_op='AND' results=10 latency_ms=309 search_type='SEMANTIC' store='s3' rerank='passthrough'
2026-06-17 13:05:56,784 | INFO     | company-ai.ai | pid=51364 | KB retrieve | depts='finance,hr,it,legal,operations,procurement,security' meta_filters='region,writters' meta_op='AND' results=10 latency_ms=309 search_type='SEMANTIC' store='s3' rerank='passthrough'
2026-06-17 13:06:04,546 | INFO     | company-ai.ai | pid=51364 | KB retrieve | depts='finance,hr,it,legal,operations,procurement,security' meta_filters='region,writters' meta_op='AND' results=10 latency_ms=277 search_type='SEMANTIC' store='s3' rerank='passthrough'
2026-06-17 13:06:12,625 | INFO     | company-ai.ai | pid=51364 | KB retrieve | depts='finance,hr,it,legal,operations,procurement,security' meta_filters='region,writters' meta_op='AND' results=10 latency_ms=320 search_type='SEMANTIC' store='s3' rerank='passthrough'
2026-06-17 13:07:00,774 | INFO     | company-ai.ai | pid=51364 | KB retrieve | depts='finance,hr,it,legal,operations,procurement,security' meta_filters='(none)' meta_op='AND' results=10 latency_ms=297 search_type='SEMANTIC' store='s3' rerank='passthrough'
2026-06-17 13:33:12,072 | INFO     | company-ai.ai | pid=51364 | KB retrieve | depts='finance,hr,it,legal,operations,procurement,security' meta_filters='(none)' meta_op='AND' results=10 latency_ms=333 search_type='SEMANTIC' store='s3' rerank='passthrough'
2026-06-17 13:33:24,911 | INFO     | company-ai.ai | pid=51364 | KB retrieve | depts='finance,hr,it,legal,operations,procurement,security' meta_filters='(none)' meta_op='AND' results=10 latency_ms=361 search_type='SEMANTIC' store='s3' rerank='passthrough'
2026-06-17 13:33:34,981 | INFO     | company-ai.ai | pid=51364 | KB retrieve | depts='finance,hr,it,legal,operations,procurement,security' meta_filters='(none)' meta_op='AND' results=10 latency_ms=348 search_type='SEMANTIC' store='s3' rerank='passthrough'
2026-06-17 14:18:40,920 | INFO     | company-ai.ai | pid=52121 | KB retrieve | depts='finance,hr,it,legal,operations,procurement,security' meta_filters='(none)' meta_op='AND' results=10 latency_ms=616 search_type='SEMANTIC' store='s3' rerank='passthrough'
2026-06-17 14:21:20,384 | INFO     | company-ai.ai | pid=52364 | KB retrieve | depts='finance,hr,it,legal,operations,procurement,security' meta_filters='(none)' meta_op='AND' results=10 latency_ms=892 search_type='SEMANTIC' store='s3' rerank='passthrough'
2026-06-17 14:22:08,168 | INFO     | company-ai.ai | pid=52364 | KB retrieve | depts='finance,hr,it,legal,operations,procurement,security' meta_filters='(none)' meta_op='AND' results=10 latency_ms=315 search_type='SEMANTIC' store='s3' rerank='passthrough'
2026-06-17 14:25:28,948 | INFO     | company-ai.ai | pid=52600 | KB retrieve | depts='finance,hr,it,legal,operations,procurement,security' meta_filters='(none)' meta_op='AND' results=10 latency_ms=557 search_type='SEMANTIC' store='s3' rerank='passthrough'
2026-06-17 14:32:01,861 | INFO     | company-ai.ai | pid=52600 | KB retrieve | depts='finance,hr,it,legal,operations,procurement,security' meta_filters='(none)' meta_op='AND' results=10 latency_ms=389 search_type='SEMANTIC' store='s3' rerank='passthrough'
2026-06-17 14:32:45,839 | INFO     | company-ai.ai | pid=53966 | KB retrieve | depts='finance,hr,it,legal,operations,procurement,security' meta_filters='(none)' meta_op='AND' results=10 latency_ms=1275 search_type='SEMANTIC' store='s3' rerank='passthrough'
2026-06-17 14:45:03,030 | INFO     | company-ai.ai | pid=54211 | KB retrieve | depts='finance,hr,it,legal,operations,procurement,security' meta_filters='(none)' meta_op='AND' results=10 latency_ms=456887 search_type='SEMANTIC' store='s3' rerank='passthrough'
2026-06-18 06:14:11,719 | INFO     | company-ai.ai | pid=1986 | KB retrieve | depts='finance,hr,it,legal,operations,procurement,security' meta_filters='(none)' meta_op='AND' results=10 latency_ms=835 search_type='SEMANTIC' store='s3' rerank='passthrough'
2026-06-18 06:14:24,278 | INFO     | company-ai.ai | pid=1986 | KB retrieve | depts='finance,hr,it,legal,operations,procurement,security' meta_filters='(none)' meta_op='AND' results=10 latency_ms=273 search_type='SEMANTIC' store='s3' rerank='passthrough'
2026-06-18 06:29:43,933 | INFO     | company-ai.ai | pid=1986 | KB retrieve | depts='legal' meta_filters='city' meta_op='AND' results=0 latency_ms=299 search_type='SEMANTIC' store='s3' rerank='passthrough'
2026-06-18 06:30:05,335 | INFO     | company-ai.ai | pid=1986 | KB retrieve | depts='legal' meta_filters='city' meta_op='AND' results=0 latency_ms=286 search_type='SEMANTIC' store='s3' rerank='passthrough'
2026-06-18 06:31:50,017 | INFO     | company-ai.ai | pid=1986 | KB retrieve | depts='legal' meta_filters='city' meta_op='AND' results=0 latency_ms=312 search_type='SEMANTIC' store='s3' rerank='passthrough'
2026-06-18 06:32:31,210 | INFO     | company-ai.ai | pid=1986 | KB retrieve | depts='legal' meta_filters='city' meta_op='AND' results=0 latency_ms=265 search_type='SEMANTIC' store='s3' rerank='passthrough'
2026-06-18 06:33:32,748 | INFO     | company-ai.ai | pid=1986 | KB retrieve | depts='legal' meta_filters='city' meta_op='AND' results=0 latency_ms=269 search_type='SEMANTIC' store='s3' rerank='passthrough'
2026-06-18 06:33:55,307 | INFO     | company-ai.ai | pid=1986 | KB retrieve | depts='legal' meta_filters='city' meta_op='AND' results=0 latency_ms=295 search_type='SEMANTIC' store='s3' rerank='passthrough'
2026-06-18 06:34:05,005 | INFO     | company-ai.ai | pid=1986 | KB retrieve | depts='legal' meta_filters='city' meta_op='AND' results=0 latency_ms=273 search_type='SEMANTIC' store='s3' rerank='passthrough'
2026-06-18 06:34:17,969 | INFO     | company-ai.ai | pid=1986 | KB retrieve | depts='legal' meta_filters='city' meta_op='AND' results=0 latency_ms=288 search_type='SEMANTIC' store='s3' rerank='passthrough'
2026-06-18 06:34:47,638 | INFO     | company-ai.ai | pid=1986 | KB retrieve | depts='legal' meta_filters='city' meta_op='AND' results=0 latency_ms=260 search_type='SEMANTIC' store='s3' rerank='passthrough'
2026-06-18 06:37:52,543 | INFO     | company-ai.ai | pid=1986 | KB retrieve | depts='procurement' meta_filters='region' meta_op='AND' results=0 latency_ms=229 search_type='SEMANTIC' store='s3' rerank='passthrough'
2026-06-18 06:38:03,622 | INFO     | company-ai.ai | pid=1986 | KB retrieve | depts='procurement' meta_filters='region' meta_op='AND' results=0 latency_ms=332 search_type='SEMANTIC' store='s3' rerank='passthrough'
2026-06-18 06:38:19,990 | INFO     | company-ai.ai | pid=1986 | KB retrieve | depts='procurement' meta_filters='region' meta_op='AND' results=0 latency_ms=340 search_type='SEMANTIC' store='s3' rerank='passthrough'
2026-06-18 06:38:30,770 | INFO     | company-ai.ai | pid=1986 | KB retrieve | depts='procurement' meta_filters='region' meta_op='AND' results=0 latency_ms=271 search_type='SEMANTIC' store='s3' rerank='passthrough'
2026-06-18 06:38:45,060 | INFO     | company-ai.ai | pid=1986 | KB retrieve | depts='procurement' meta_filters='(none)' meta_op='AND' results=8 latency_ms=270 search_type='SEMANTIC' store='s3' rerank='passthrough'
2026-06-18 06:40:09,745 | INFO     | company-ai.ai | pid=1986 | KB retrieve | depts='procurement' meta_filters='country,region' meta_op='AND' results=0 latency_ms=275 search_type='SEMANTIC' store='s3' rerank='passthrough'
2026-06-18 06:40:26,796 | INFO     | company-ai.ai | pid=1986 | KB retrieve | depts='procurement' meta_filters='country,region' meta_op='AND' results=0 latency_ms=241 search_type='SEMANTIC' store='s3' rerank='passthrough'
2026-06-18 06:40:44,125 | INFO     | company-ai.ai | pid=1986 | KB retrieve | depts='procurement' meta_filters='country,region' meta_op='AND' results=0 latency_ms=289 search_type='SEMANTIC' store='s3' rerank='passthrough'
2026-06-18 06:45:37,922 | INFO     | company-ai.ai | pid=1986 | KB retrieve | depts='procurement' meta_filters='country,region' meta_op='AND' results=0 latency_ms=295 search_type='SEMANTIC' store='s3' rerank='passthrough'
2026-06-18 06:47:11,479 | INFO     | company-ai.ai | pid=1986 | KB retrieve | depts='procurement' meta_filters='country,region' meta_op='AND' results=0 latency_ms=250 search_type='SEMANTIC' store='s3' rerank='passthrough'
2026-06-18 06:47:31,448 | INFO     | company-ai.ai | pid=1986 | KB retrieve | depts='procurement' meta_filters='country,region' meta_op='AND' results=0 latency_ms=257 search_type='SEMANTIC' store='s3' rerank='passthrough'
2026-06-18 06:48:13,063 | INFO     | company-ai.ai | pid=1986 | KB retrieve | depts='procurement' meta_filters='region' meta_op='AND' results=0 latency_ms=263 search_type='SEMANTIC' store='s3' rerank='passthrough'
2026-06-18 06:53:41,693 | INFO     | company-ai.ai | pid=1986 | KB retrieve | depts='procurement' meta_filters='region' meta_op='AND' results=0 latency_ms=277 search_type='SEMANTIC' store='s3' rerank='passthrough'
2026-06-18 06:54:36,649 | INFO     | company-ai.ai | pid=1986 | KB retrieve | depts='procurement' meta_filters='region' meta_op='AND' results=0 latency_ms=266 search_type='SEMANTIC' store='s3' rerank='passthrough'
2026-06-18 06:54:52,175 | INFO     | company-ai.ai | pid=1986 | KB retrieve | depts='procurement' meta_filters='region' meta_op='AND' results=0 latency_ms=239 search_type='SEMANTIC' store='s3' rerank='passthrough'
2026-06-18 06:56:43,831 | INFO     | company-ai.ai | pid=1986 | KB retrieve | depts='procurement' meta_filters='region' meta_op='AND' results=6 latency_ms=485 search_type='SEMANTIC' store='s3' rerank='passthrough'
2026-06-18 06:57:01,212 | INFO     | company-ai.ai | pid=1986 | KB retrieve | depts='procurement' meta_filters='region' meta_op='AND' results=5 latency_ms=440 search_type='SEMANTIC' store='s3' rerank='passthrough'
2026-06-18 06:59:28,387 | INFO     | company-ai.ai | pid=1986 | KB retrieve | depts='procurement' meta_filters='country,region' meta_op='AND' results=0 latency_ms=248 search_type='SEMANTIC' store='s3' rerank='passthrough'
2026-06-18 07:00:06,062 | INFO     | company-ai.ai | pid=1986 | KB retrieve | depts='procurement' meta_filters='country,region' meta_op='OR' results=8 latency_ms=412 search_type='SEMANTIC' store='s3' rerank='passthrough'
2026-06-18 07:01:30,062 | INFO     | company-ai.ai | pid=1986 | KB retrieve | depts='security' meta_filters='writters' meta_op='AND' results=8 latency_ms=365 search_type='SEMANTIC' store='s3' rerank='passthrough'
2026-06-18 07:23:28,365 | INFO     | company-ai.ai | pid=1986 | KB retrieve | depts='finance,hr,it,legal,operations,procurement,security' meta_filters='writters' meta_op='AND' results=10 latency_ms=370 search_type='SEMANTIC' store='s3' rerank='passthrough'
2026-06-18 07:24:04,093 | INFO     | company-ai.ai | pid=1986 | KB retrieve | depts='finance,hr,it,legal,operations,procurement,security' meta_filters='writters' meta_op='AND' results=10 latency_ms=600 search_type='SEMANTIC' store='s3' rerank='passthrough'
2026-06-18 07:24:22,175 | INFO     | company-ai.ai | pid=1986 | KB retrieve | depts='finance,hr,it,legal,operations,procurement,security' meta_filters='writters' meta_op='AND' results=10 latency_ms=396 search_type='SEMANTIC' store='s3' rerank='passthrough'
2026-06-18 07:27:17,841 | INFO     | company-ai.ai | pid=1986 | KB retrieve | depts='finance,hr,it,legal,operations,procurement,security' meta_filters='writters' meta_op='OR' results=10 latency_ms=370 search_type='SEMANTIC' store='s3' rerank='passthrough'
2026-06-18 07:28:18,656 | INFO     | company-ai.ai | pid=1986 | KB retrieve | depts='finance,hr,it,legal,operations,procurement,security' meta_filters='writters' meta_op='OR' results=10 latency_ms=282 search_type='SEMANTIC' store='s3' rerank='passthrough'
2026-06-18 07:28:35,032 | INFO     | company-ai.ai | pid=1986 | KB retrieve | depts='finance,hr,it,legal,operations,procurement,security' meta_filters='writters' meta_op='OR' results=10 latency_ms=398 search_type='SEMANTIC' store='s3' rerank='passthrough'
2026-06-18 07:29:48,515 | INFO     | company-ai.ai | pid=1986 | KB retrieve | depts='finance,hr,it,legal,operations,procurement,security' meta_filters='writters' meta_op='OR' results=10 latency_ms=319 search_type='SEMANTIC' store='s3' rerank='passthrough'
2026-06-18 07:32:41,507 | INFO     | company-ai.ai | pid=1986 | KB retrieve | depts='finance,hr,it,legal,operations,procurement,security' meta_filters='(none)' meta_op='AND' results=10 latency_ms=343 search_type='SEMANTIC' store='s3' rerank='passthrough'
2026-06-18 07:35:16,202 | INFO     | company-ai.ai | pid=1986 | KB retrieve | depts='finance,hr,legal,security' meta_filters='writters' meta_op='AND' results=10 latency_ms=322 search_type='SEMANTIC' store='s3' rerank='passthrough'
2026-06-18 07:35:38,801 | INFO     | company-ai.ai | pid=1986 | KB retrieve | depts='finance,hr,legal,security' meta_filters='writters' meta_op='AND' results=10 latency_ms=297 search_type='SEMANTIC' store='s3' rerank='passthrough'
2026-06-18 07:36:02,612 | INFO     | company-ai.ai | pid=1986 | KB retrieve | depts='security' meta_filters='(none)' meta_op='AND' results=8 latency_ms=453 search_type='SEMANTIC' store='s3' rerank='passthrough'
2026-06-19 04:50:55,630 | INFO     | company-ai.ai | pid=3606 | KB retrieve | depts='finance,hr,it,legal,operations,procurement,security' meta_filters='(none)' meta_op='AND' results=10 latency_ms=1112 search_type='SEMANTIC' store='s3' rerank='passthrough'
2026-06-19 07:41:04,551 | INFO     | company-ai.ai | pid=3606 | KB retrieve | depts='finance,hr,it,legal,operations,procurement,security' meta_filters='(none)' meta_op='AND' results=10 latency_ms=405 search_type='SEMANTIC' store='s3' rerank='passthrough'
2026-06-19 07:41:47,492 | INFO     | company-ai.ai | pid=3606 | KB retrieve | depts='hr,it,legal,operations,procurement,security' meta_filters='(none)' meta_op='AND' results=10 latency_ms=653 search_type='SEMANTIC' store='s3' rerank='passthrough'
2026-06-19 07:42:19,750 | INFO     | company-ai.ai | pid=3606 | KB retrieve | depts='finance,hr,it,legal,operations,procurement,security' meta_filters='(none)' meta_op='AND' results=10 latency_ms=299 search_type='SEMANTIC' store='s3' rerank='passthrough'
